<?xml version="1.0" encoding="UTF-8"?>
<testsuite name="com.bridgelabz.BinaryTreeTest" tests="1" skipped="0" failures="0" errors="0" timestamp="2021-08-30T18:05:19" hostname="LAPTOP-NGQU5TVV" time="0.026">
  <properties/>
  <testcase name="givenNumbers_WhenAddedToBST_ShouldReturnSize()" classname="com.bridgelabz.BinaryTreeTest" time="0.026"/>
  <system-out><![CDATA[]]></system-out>
  <system-err><![CDATA[]]></system-err>
</testsuite>
